<?xml version="1.0" encoding="UTF-8"?>
<testng-results skipped="0" failed="0" ignored="0" total="1" passed="1">
  <reporter-output>
  </reporter-output>
  <suite name="Suite" duration-ms="34" started-at="2020-10-12T09:46:41Z" finished-at="2020-10-12T09:46:41Z">
    <groups>
    </groups>
    <test name="Test" duration-ms="34" started-at="2020-10-12T09:46:41Z" finished-at="2020-10-12T09:46:41Z">
      <class name="Test">
        <test-method status="PASS" signature="testcaseOne()[pri:0, instance:Test@6cc4c815]" name="testcaseOne" duration-ms="11" started-at="2020-10-12T15:16:41Z" finished-at="2020-10-12T15:16:41Z">
          <reporter-output>
          </reporter-output>
        </test-method> <!-- testcaseOne -->
      </class> <!-- Test -->
    </test> <!-- Test -->
  </suite> <!-- Suite -->
</testng-results>
